kcb/build/outputs/logs/manifest-merger-debug-report.txt
-- Merging decision tree log ---
manifest
ADDED from kcb\kcb\AndroidManifest.xml:2:1-180:12
	package
		ADDED from kcb\kcb\AndroidManifest.xml:3:5-26
	android:versionName
		ADDED from kcb\kcb\AndroidManifest.xml:5:5-35
	android:versionCode
		ADDED from kcb\kcb\AndroidManifest.xml:4:5-28
		INJECTED from kcb\kcb\AndroidManifest.xml
		INJECTED from kcb\kcb\AndroidManifest.xml
	xmlns:android
		ADDED from kcb\kcb\AndroidManifest.xml:2:11-69
uses-sdk
ADDED from kcb\kcb\AndroidManifest.xml:7:5-9:41
MERGED from [kcb:kcbLibrary:unspecified] AndroidManifest.xml:7:5-9:41
	android:targetSdkVersion
		ADDED from kcb\kcb\AndroidManifest.xml:9:9-38
	android:minSdkVersion
		ADDED from kcb\kcb\AndroidManifest.xml:8:9-35
uses-permission#android.permission.INTERNET
ADDED from kcb\kcb\AndroidManifest.xml:12:5-67
	android:name
		ADDED from kcb\kcb\AndroidManifest.xml:12:22-64
uses-permission#android.permission.CAMERA
ADDED from kcb\kcb\AndroidManifest.xml:13:5-65
	android:name
		ADDED from kcb\kcb\AndroidManifest.xml:13:22-62
uses-permission#android.permission.WRITE_EXTERNAL_STORAGE
ADDED from kcb\kcb\AndroidManifest.xml:14:5-81
	android:name
		ADDED from kcb\kcb\AndroidManifest.xml:14:22-78
uses-permission#android.permission.ACCESS_NETWORK_STATE
ADDED from kcb\kcb\AndroidManifest.xml:15:5-79
	android:name
		ADDED from kcb\kcb\AndroidManifest.xml:15:22-76
uses-permission#android.permission.ACCESS_WIFI_STATE
ADDED from kcb\kcb\AndroidManifest.xml:16:5-76
	android:name
		ADDED from kcb\kcb\AndroidManifest.xml:16:22-73
uses-permission#android.permission.READ_PHONE_STATE
ADDED from kcb\kcb\AndroidManifest.xml:17:5-75
	android:name
		ADDED from kcb\kcb\AndroidManifest.xml:17:22-72
application
ADDED from kcb\kcb\AndroidManifest.xml:20:5-178:19
MERGED from [kcb:kcbLibrary:unspecified] AndroidManifest.xml:11:5-15:19
	android:label
		ADDED from kcb\kcb\AndroidManifest.xml:24:9-41
	android:allowBackup
		ADDED from kcb\kcb\AndroidManifest.xml:22:9-35
	android:icon
		ADDED from kcb\kcb\AndroidManifest.xml:23:9-45
	android:theme
		ADDED from kcb\kcb\AndroidManifest.xml:25:9-40
	android:name
		ADDED from kcb\kcb\AndroidManifest.xml:21:9-63
meta-data#UMENG_APPKEY
ADDED from kcb\kcb\AndroidManifest.xml:28:9-30:56
	android:value
		ADDED from kcb\kcb\AndroidManifest.xml:30:13-53
	android:name
		ADDED from kcb\kcb\AndroidManifest.xml:29:13-40
meta-data#UMENG_CHANNEL
ADDED from kcb\kcb\AndroidManifest.xml:31:9-33:35
	android:value
		ADDED from kcb\kcb\AndroidManifest.xml:33:13-32
	android:name
		ADDED from kcb\kcb\AndroidManifest.xml:32:13-41
service#com.umeng.update.net.DownloadingService
ADDED from kcb\kcb\AndroidManifest.xml:35:9-38:19
	android:process
		ADDED from kcb\kcb\AndroidManifest.xml:37:13-50
	android:name
		ADDED from kcb\kcb\AndroidManifest.xml:36:13-67
activity#com.umeng.update.UpdateDialogActivity
ADDED from kcb\kcb\AndroidManifest.xml:40:9-43:20
	android:theme
		ADDED from kcb\kcb\AndroidManifest.xml:42:13-72
	android:name
		ADDED from kcb\kcb\AndroidManifest.xml:41:13-65
activity#com.kcb.common.activity.StartActivity
ADDED from kcb\kcb\AndroidManifest.xml:48:9-57:20
	android:screenOrientation
		ADDED from kcb\kcb\AndroidManifest.xml:50:13-49
	android:theme
		ADDED from kcb\kcb\AndroidManifest.xml:51:13-71
	android:name
		ADDED from kcb\kcb\AndroidManifest.xml:49:13-65
intent-filter#android.intent.action.MAIN+android.intent.category.LAUNCHER
ADDED from kcb\kcb\AndroidManifest.xml:52:13-56:29
action#android.intent.action.MAIN
ADDED from kcb\kcb\AndroidManifest.xml:53:17-69
	android:name
		ADDED from kcb\kcb\AndroidManifest.xml:53:25-66
category#android.intent.category.LAUNCHER
ADDED from kcb\kcb\AndroidManifest.xml:55:17-77
	android:name
		ADDED from kcb\kcb\AndroidManifest.xml:55:27-74
activity#com.kcb.common.activity.AboutusActivity
ADDED from kcb\kcb\AndroidManifest.xml:58:9-61:20
	android:screenOrientation
		ADDED from kcb\kcb\AndroidManifest.xml:60:13-49
	android:name
		ADDED from kcb\kcb\AndroidManifest.xml:59:13-67
activity#com.kcb.student.activity.common.LoginActivity
ADDED from kcb\kcb\AndroidManifest.xml:66:9-70:20
	android:screenOrientation
		ADDED from kcb\kcb\AndroidManifest.xml:68:13-49
	android:windowSoftInputMode
		ADDED from kcb\kcb\AndroidManifest.xml:69:13-55
	android:name
		ADDED from kcb\kcb\AndroidManifest.xml:67:13-73
activity#com.kcb.student.activity.common.HomeActivity
ADDED from kcb\kcb\AndroidManifest.xml:71:9-75:20
	android:screenOrientation
		ADDED from kcb\kcb\AndroidManifest.xml:74:13-49
	android:finishOnTaskLaunch
		ADDED from kcb\kcb\AndroidManifest.xml:73:13-46
	android:name
		ADDED from kcb\kcb\AndroidManifest.xml:72:13-72
activity#com.kcb.student.activity.common.ModifyPasswordActivity
ADDED from kcb\kcb\AndroidManifest.xml:76:9-80:20
	android:screenOrientation
		ADDED from kcb\kcb\AndroidManifest.xml:78:13-49
	android:windowSoftInputMode
		ADDED from kcb\kcb\AndroidManifest.xml:79:13-74
	android:name
		ADDED from kcb\kcb\AndroidManifest.xml:77:13-82
activity#com.kcb.student.activity.common.FeedBackActivity
ADDED from kcb\kcb\AndroidManifest.xml:81:9-85:20
	android:screenOrientation
		ADDED from kcb\kcb\AndroidManifest.xml:83:13-49
	android:windowSoftInputMode
		ADDED from kcb\kcb\AndroidManifest.xml:84:13-55
	android:name
		ADDED from kcb\kcb\AndroidManifest.xml:82:13-76
activity#com.kcb.student.activity.checkin.StartCheckInActivity
ADDED from kcb\kcb\AndroidManifest.xml:86:9-89:20
	android:screenOrientation
		ADDED from kcb\kcb\AndroidManifest.xml:88:13-49
	android:name
		ADDED from kcb\kcb\AndroidManifest.xml:87:13-81
activity#com.kcb.student.activity.checkin.LookCheckInActivity
ADDED from kcb\kcb\AndroidManifest.xml:90:9-93:20
	android:screenOrientation
		ADDED from kcb\kcb\AndroidManifest.xml:92:13-49
	android:name
		ADDED from kcb\kcb\AndroidManifest.xml:91:13-80
activity#com.kcb.student.activity.test.StartTestActivity
ADDED from kcb\kcb\AndroidManifest.xml:94:9-97:20
	android:screenOrientation
		ADDED from kcb\kcb\AndroidManifest.xml:96:13-49
	android:name
		ADDED from kcb\kcb\AndroidManifest.xml:95:13-75
activity#com.kcb.student.activity.test.LookTestActivity
ADDED from kcb\kcb\AndroidManifest.xml:98:9-101:20
	android:screenOrientation
		ADDED from kcb\kcb\AndroidManifest.xml:100:13-49
	android:name
		ADDED from kcb\kcb\AndroidManifest.xml:99:13-74
activity#com.kcb.student.activity.test.LookTestDetailActivity
ADDED from kcb\kcb\AndroidManifest.xml:102:9-105:20
	android:screenOrientation
		ADDED from kcb\kcb\AndroidManifest.xml:104:13-49
	android:name
		ADDED from kcb\kcb\AndroidManifest.xml:103:13-80
activity#com.kcb.teacher.activity.common.LoginActivity
ADDED from kcb\kcb\AndroidManifest.xml:110:9-114:20
	android:screenOrientation
		ADDED from kcb\kcb\AndroidManifest.xml:112:13-49
	android:windowSoftInputMode
		ADDED from kcb\kcb\AndroidManifest.xml:113:13-55
	android:name
		ADDED from kcb\kcb\AndroidManifest.xml:111:13-73
activity#com.kcb.teacher.activity.common.HomeActivity
ADDED from kcb\kcb\AndroidManifest.xml:115:9-119:20
	android:screenOrientation
		ADDED from kcb\kcb\AndroidManifest.xml:117:13-49
	android:windowSoftInputMode
		ADDED from kcb\kcb\AndroidManifest.xml:118:13-56
	android:name
		ADDED from kcb\kcb\AndroidManifest.xml:116:13-72
activity#com.kcb.teacher.activity.common.ModifyPasswordActivity
ADDED from kcb\kcb\AndroidManifest.xml:120:9-124:20
	android:screenOrientation
		ADDED from kcb\kcb\AndroidManifest.xml:122:13-49
	android:windowSoftInputMode
		ADDED from kcb\kcb\AndroidManifest.xml:123:13-74
	android:name
		ADDED from kcb\kcb\AndroidManifest.xml:121:13-82
activity#com.kcb.teacher.activity.common.FeedBackActivity
ADDED from kcb\kcb\AndroidManifest.xml:125:9-129:20
	android:screenOrientation
		ADDED from kcb\kcb\AndroidManifest.xml:127:13-49
	android:windowSoftInputMode
		ADDED from kcb\kcb\AndroidManifest.xml:128:13-55
	android:name
		ADDED from kcb\kcb\AndroidManifest.xml:126:13-76
activity#com.kcb.teacher.activity.checkin.StartCheckInActivity
ADDED from kcb\kcb\AndroidManifest.xml:130:9-133:20
	android:screenOrientation
		ADDED from kcb\kcb\AndroidManifest.xml:132:13-49
	android:name
		ADDED from kcb\kcb\AndroidManifest.xml:131:13-81
activity#com.kcb.teacher.activity.checkin.LookCheckInActivity
ADDED from kcb\kcb\AndroidManifest.xml:134:9-137:20
	android:screenOrientation
		ADDED from kcb\kcb\AndroidManifest.xml:136:13-49
	android:name
		ADDED from kcb\kcb\AndroidManifest.xml:135:13-80
activity#com.kcb.teacher.activity.checkin.LookCheckInDetailActivity
ADDED from kcb\kcb\AndroidManifest.xml:138:9-141:20
	android:screenOrientation
		ADDED from kcb\kcb\AndroidManifest.xml:140:13-49
	android:name
		ADDED from kcb\kcb\AndroidManifest.xml:139:13-86
activity#com.kcb.teacher.activity.test.SetTestNameActivity
ADDED from kcb\kcb\AndroidManifest.xml:142:9-146:20
	android:screenOrientation
		ADDED from kcb\kcb\AndroidManifest.xml:144:13-49
	android:windowSoftInputMode
		ADDED from kcb\kcb\AndroidManifest.xml:145:13-55
	android:name
		ADDED from kcb\kcb\AndroidManifest.xml:143:13-77
activity#com.kcb.teacher.activity.test.EditTestActivity
ADDED from kcb\kcb\AndroidManifest.xml:147:9-151:20
	android:screenOrientation
		ADDED from kcb\kcb\AndroidManifest.xml:149:13-49
	android:windowSoftInputMode
		ADDED from kcb\kcb\AndroidManifest.xml:150:13-73
	android:name
		ADDED from kcb\kcb\AndroidManifest.xml:148:13-74
activity#com.kcb.teacher.activity.test.CropPictureActivity
ADDED from kcb\kcb\AndroidManifest.xml:152:9-155:20
	android:screenOrientation
		ADDED from kcb\kcb\AndroidManifest.xml:154:13-49
	android:name
		ADDED from kcb\kcb\AndroidManifest.xml:153:13-77
activity#com.kcb.teacher.activity.test.SetTestTimeActivity
ADDED from kcb\kcb\AndroidManifest.xml:156:9-159:20
	android:screenOrientation
		ADDED from kcb\kcb\AndroidManifest.xml:158:13-49
	android:name
		ADDED from kcb\kcb\AndroidManifest.xml:157:13-77
activity#com.kcb.teacher.activity.test.EditQuestionActivty
ADDED from kcb\kcb\AndroidManifest.xml:160:9-164:20
	android:screenOrientation
		ADDED from kcb\kcb\AndroidManifest.xml:162:13-49
	android:windowSoftInputMode
		ADDED from kcb\kcb\AndroidManifest.xml:163:13-60
	android:name
		ADDED from kcb\kcb\AndroidManifest.xml:161:13-77
activity#com.kcb.teacher.activity.test.LookTestActivity
ADDED from kcb\kcb\AndroidManifest.xml:165:9-168:20
	android:screenOrientation
		ADDED from kcb\kcb\AndroidManifest.xml:167:13-49
	android:name
		ADDED from kcb\kcb\AndroidManifest.xml:166:13-74
activity#com.kcb.teacher.activity.test.LookTestDetailActivity
ADDED from kcb\kcb\AndroidManifest.xml:169:9-172:20
	android:screenOrientation
		ADDED from kcb\kcb\AndroidManifest.xml:171:13-49
	android:name
		ADDED from kcb\kcb\AndroidManifest.xml:170:13-80
activity#com.kcb.teacher.activity.stucentre.StuCentreActivity
ADDED from kcb\kcb\AndroidManifest.xml:173:9-176:20
	android:screenOrientation
		ADDED from kcb\kcb\AndroidManifest.xml:175:13-49
	android:name
		ADDED from kcb\kcb\AndroidManifest.xml:174:13-80